cycle 0
$00: 0x00000000
$01: 0x00000000
$02: 0x00000000
$03: 0x00000000
$04: 0x00000000
$05: 0x00000000
$06: 0x00000000
$07: 0x00000000
$08: 0x00000000
$09: 0x00000000
$10: 0x00000000
$11: 0x00000000
$12: 0x00000000
$13: 0x00000000
$14: 0x00000000
$15: 0x00000000
$16: 0x00000000
$17: 0x00000000
$18: 0x00000000
$19: 0x00000000
$20: 0x00000000
$21: 0x00000000
$22: 0x00000000
$23: 0x00000000
$24: 0x00000000
$25: 0x00000000
$26: 0x00000000
$27: 0x00000000
$28: 0x00000000
$29: 0x00000000
$30: 0x00000000
$31: 0x00000000
$HI: 0x00000000
$LO: 0x00000000
PC: 0x00000000
IF: 0x8C620000
ID: NOP
EX: NOP
DM: NOP
WB: NOP


cycle 1
PC: 0x00000004
IF: 0x00241825
ID: LW
EX: NOP
DM: NOP
WB: NOP


cycle 2
PC: 0x00000008
IF: 0x10430001
ID: OR
EX: LW
DM: NOP
WB: NOP


cycle 3
PC: 0x0000000C
IF: 0x10430001 to_be_stalled
ID: BEQ to_be_stalled
EX: OR
DM: NOP
WB: NOP


cycle 4
PC: 0x0000000C
IF: 0x00200824 to_be_flushed
ID: BEQ
EX: NOP
DM: NOP
WB: NOP


cycle 5
PC: 0x00000014
IF: 0xFFFFFFFF
ID: AND
EX: BEQ
DM: NOP
WB: NOP


cycle 6
PC: 0x00000018
IF: 0xFFFFFFFF
ID: HALT
EX: AND
DM: NOP
WB: NOP


cycle 7
PC: 0x0000001C
IF: 0xFFFFFFFF
ID: HALT
EX: HALT
DM: NOP
WB: NOP


cycle 8
PC: 0x00000020
IF: 0xFFFFFFFF
ID: HALT
EX: HALT
DM: NOP
WB: NOP


cycle 9
PC: 0x00000024
IF: 0x00000000
ID: HALT
EX: HALT
DM: NOP
WB: NOP


cycle 10
PC: 0x00000028
IF: 0x00000000
ID: NOP
EX: HALT
DM: NOP
WB: NOP


cycle 11
PC: 0x0000002C
IF: 0x00000000
ID: NOP
EX: NOP
DM: NOP
WB: NOP


cycle 12
PC: 0x00000030
IF: 0x00000000
ID: NOP
EX: NOP
DM: NOP
WB: NOP


cycle 13
PC: 0x00000034
IF: 0x00000000
ID: NOP
EX: NOP
DM: NOP
WB: NOP


cycle 14
PC: 0x00000038
IF: 0x00000000
ID: NOP
EX: NOP
DM: NOP
WB: NOP


cycle 15
PC: 0x0000003C
IF: 0x00000000
ID: NOP
EX: NOP
DM: NOP
WB: NOP


cycle 16
PC: 0x00000040
IF: 0x00000000
ID: NOP
EX: NOP
DM: NOP
WB: NOP


cycle 17
PC: 0x00000044
IF: 0x00000000
ID: NOP
EX: NOP
DM: NOP
WB: NOP


cycle 18
PC: 0x00000048
IF: 0x00000000
ID: NOP
EX: NOP
DM: NOP
WB: NOP


cycle 19
PC: 0x0000004C
IF: 0x00000000
ID: NOP
EX: NOP
DM: NOP
WB: NOP


cycle 20
PC: 0x00000050
IF: 0x00000000
ID: NOP
EX: NOP
DM: NOP
WB: NOP


cycle 21
PC: 0x00000054
IF: 0x00000000
ID: NOP
EX: NOP
DM: NOP
WB: NOP


cycle 22
PC: 0x00000058
IF: 0x00000000
ID: NOP
EX: NOP
DM: NOP
WB: NOP


cycle 23
PC: 0x0000005C
IF: 0x00000000
ID: NOP
EX: NOP
DM: NOP
WB: NOP


cycle 24
PC: 0x00000060
IF: 0x00000000
ID: NOP
EX: NOP
DM: NOP
WB: NOP


cycle 25
PC: 0x00000064
IF: 0x00000000
ID: NOP
EX: NOP
DM: NOP
WB: NOP


cycle 26
PC: 0x00000068
IF: 0x00000000
ID: NOP
EX: NOP
DM: NOP
WB: NOP


cycle 27
PC: 0x0000006C
IF: 0x00000000
ID: NOP
EX: NOP
DM: NOP
WB: NOP


cycle 28
PC: 0x00000070
IF: 0x00000000
ID: NOP
EX: NOP
DM: NOP
WB: NOP


cycle 29
PC: 0x00000074
IF: 0x00000000
ID: NOP
EX: NOP
DM: NOP
WB: NOP


cycle 30
PC: 0x00000078
IF: 0x00000000
ID: NOP
EX: NOP
DM: NOP
WB: NOP


cycle 31
PC: 0x0000007C
IF: 0x00000000
ID: NOP
EX: NOP
DM: NOP
WB: NOP


cycle 32
PC: 0x00000080
IF: 0x00000000
ID: NOP
EX: NOP
DM: NOP
WB: NOP


cycle 33
PC: 0x00000084
IF: 0x00000000
ID: NOP
EX: NOP
DM: NOP
WB: NOP


cycle 34
PC: 0x00000088
IF: 0x00000000
ID: NOP
EX: NOP
DM: NOP
WB: NOP


cycle 35
PC: 0x0000008C
IF: 0x00000000
ID: NOP
EX: NOP
DM: NOP
WB: NOP


cycle 36
PC: 0x00000090
IF: 0x00000000
ID: NOP
EX: NOP
DM: NOP
WB: NOP


cycle 37
PC: 0x00000094
IF: 0x00000000
ID: NOP
EX: NOP
DM: NOP
WB: NOP


cycle 38
PC: 0x00000098
IF: 0x00000000
ID: NOP
EX: NOP
DM: NOP
WB: NOP


cycle 39
PC: 0x0000009C
IF: 0x00000000
ID: NOP
EX: NOP
DM: NOP
WB: NOP


cycle 40
PC: 0x000000A0
IF: 0x00000000
ID: NOP
EX: NOP
DM: NOP
WB: NOP


cycle 41
PC: 0x000000A4
IF: 0x00000000
ID: NOP
EX: NOP
DM: NOP
WB: NOP


cycle 42
PC: 0x000000A8
IF: 0x00000000
ID: NOP
EX: NOP
DM: NOP
WB: NOP


cycle 43
PC: 0x000000AC
IF: 0x00000000
ID: NOP
EX: NOP
DM: NOP
WB: NOP


cycle 44
PC: 0x000000B0
IF: 0x00000000
ID: NOP
EX: NOP
DM: NOP
WB: NOP


cycle 45
PC: 0x000000B4
IF: 0x00000000
ID: NOP
EX: NOP
DM: NOP
WB: NOP


cycle 46
PC: 0x000000B8
IF: 0x00000000
ID: NOP
EX: NOP
DM: NOP
WB: NOP


cycle 47
PC: 0x000000BC
IF: 0x00000000
ID: NOP
EX: NOP
DM: NOP
WB: NOP


cycle 48
PC: 0x000000C0
IF: 0x00000000
ID: NOP
EX: NOP
DM: NOP
WB: NOP


cycle 49
PC: 0x000000C4
IF: 0x00000000
ID: NOP
EX: NOP
DM: NOP
WB: NOP


cycle 50
PC: 0x000000C8
IF: 0x00000000
ID: NOP
EX: NOP
DM: NOP
WB: NOP


cycle 51
PC: 0x000000CC
IF: 0x00000000
ID: NOP
EX: NOP
DM: NOP
WB: NOP


cycle 52
PC: 0x000000D0
IF: 0x00000000
ID: NOP
EX: NOP
DM: NOP
WB: NOP


cycle 53
PC: 0x000000D4
IF: 0x00000000
ID: NOP
EX: NOP
DM: NOP
WB: NOP


cycle 54
PC: 0x000000D8
IF: 0x00000000
ID: NOP
EX: NOP
DM: NOP
WB: NOP


cycle 55
PC: 0x000000DC
IF: 0x00000000
ID: NOP
EX: NOP
DM: NOP
WB: NOP


cycle 56
PC: 0x000000E0
IF: 0x00000000
ID: NOP
EX: NOP
DM: NOP
WB: NOP


cycle 57
PC: 0x000000E4
IF: 0x00000000
ID: NOP
EX: NOP
DM: NOP
WB: NOP


cycle 58
PC: 0x000000E8
IF: 0x00000000
ID: NOP
EX: NOP
DM: NOP
WB: NOP


cycle 59
PC: 0x000000EC
IF: 0x00000000
ID: NOP
EX: NOP
DM: NOP
WB: NOP


cycle 60
PC: 0x000000F0
IF: 0x00000000
ID: NOP
EX: NOP
DM: NOP
WB: NOP


cycle 61
PC: 0x000000F4
IF: 0x00000000
ID: NOP
EX: NOP
DM: NOP
WB: NOP


cycle 62
PC: 0x000000F8
IF: 0x00000000
ID: NOP
EX: NOP
DM: NOP
WB: NOP


cycle 63
PC: 0x000000FC
IF: 0x00000000
ID: NOP
EX: NOP
DM: NOP
WB: NOP


cycle 64
PC: 0x00000100
IF: 0x00000000
ID: NOP
EX: NOP
DM: NOP
WB: NOP


cycle 65
PC: 0x00000104
IF: 0x00000000
ID: NOP
EX: NOP
DM: NOP
WB: NOP


cycle 66
PC: 0x00000108
IF: 0x00000000
ID: NOP
EX: NOP
DM: NOP
WB: NOP


cycle 67
PC: 0x0000010C
IF: 0x00000000
ID: NOP
EX: NOP
DM: NOP
WB: NOP


cycle 68
PC: 0x00000110
IF: 0x00000000
ID: NOP
EX: NOP
DM: NOP
WB: NOP


cycle 69
PC: 0x00000114
IF: 0x00000000
ID: NOP
EX: NOP
DM: NOP
WB: NOP


cycle 70
PC: 0x00000118
IF: 0x00000000
ID: NOP
EX: NOP
DM: NOP
WB: NOP


cycle 71
PC: 0x0000011C
IF: 0x00000000
ID: NOP
EX: NOP
DM: NOP
WB: NOP


cycle 72
PC: 0x00000120
IF: 0x00000000
ID: NOP
EX: NOP
DM: NOP
WB: NOP


cycle 73
PC: 0x00000124
IF: 0x00000000
ID: NOP
EX: NOP
DM: NOP
WB: NOP


cycle 74
PC: 0x00000128
IF: 0x00000000
ID: NOP
EX: NOP
DM: NOP
WB: NOP


cycle 75
PC: 0x0000012C
IF: 0x00000000
ID: NOP
EX: NOP
DM: NOP
WB: NOP


cycle 76
PC: 0x00000130
IF: 0x00000000
ID: NOP
EX: NOP
DM: NOP
WB: NOP


cycle 77
PC: 0x00000134
IF: 0x00000000
ID: NOP
EX: NOP
DM: NOP
WB: NOP


cycle 78
PC: 0x00000138
IF: 0x00000000
ID: NOP
EX: NOP
DM: NOP
WB: NOP


cycle 79
PC: 0x0000013C
IF: 0x00000000
ID: NOP
EX: NOP
DM: NOP
WB: NOP


cycle 80
PC: 0x00000140
IF: 0x00000000
ID: NOP
EX: NOP
DM: NOP
WB: NOP


cycle 81
PC: 0x00000144
IF: 0x00000000
ID: NOP
EX: NOP
DM: NOP
WB: NOP


cycle 82
PC: 0x00000148
IF: 0x00000000
ID: NOP
EX: NOP
DM: NOP
WB: NOP


cycle 83
PC: 0x0000014C
IF: 0x00000000
ID: NOP
EX: NOP
DM: NOP
WB: NOP


cycle 84
PC: 0x00000150
IF: 0x00000000
ID: NOP
EX: NOP
DM: NOP
WB: NOP


cycle 85
PC: 0x00000154
IF: 0x00000000
ID: NOP
EX: NOP
DM: NOP
WB: NOP


cycle 86
PC: 0x00000158
IF: 0x00000000
ID: NOP
EX: NOP
DM: NOP
WB: NOP


cycle 87
PC: 0x0000015C
IF: 0x00000000
ID: NOP
EX: NOP
DM: NOP
WB: NOP


cycle 88
PC: 0x00000160
IF: 0x00000000
ID: NOP
EX: NOP
DM: NOP
WB: NOP


cycle 89
PC: 0x00000164
IF: 0x00000000
ID: NOP
EX: NOP
DM: NOP
WB: NOP


cycle 90
PC: 0x00000168
IF: 0x00000000
ID: NOP
EX: NOP
DM: NOP
WB: NOP


cycle 91
PC: 0x0000016C
IF: 0x00000000
ID: NOP
EX: NOP
DM: NOP
WB: NOP


cycle 92
PC: 0x00000170
IF: 0x00000000
ID: NOP
EX: NOP
DM: NOP
WB: NOP


cycle 93
PC: 0x00000174
IF: 0x00000000
ID: NOP
EX: NOP
DM: NOP
WB: NOP


cycle 94
PC: 0x00000178
IF: 0x00000000
ID: NOP
EX: NOP
DM: NOP
WB: NOP


cycle 95
PC: 0x0000017C
IF: 0x00000000
ID: NOP
EX: NOP
DM: NOP
WB: NOP


cycle 96
PC: 0x00000180
IF: 0x00000000
ID: NOP
EX: NOP
DM: NOP
WB: NOP


cycle 97
PC: 0x00000184
IF: 0x00000000
ID: NOP
EX: NOP
DM: NOP
WB: NOP


cycle 98
PC: 0x00000188
IF: 0x00000000
ID: NOP
EX: NOP
DM: NOP
WB: NOP


cycle 99
PC: 0x0000018C
IF: 0x00000000
ID: NOP
EX: NOP
DM: NOP
WB: NOP


cycle 100
PC: 0x00000190
IF: 0x00000000
ID: NOP
EX: NOP
DM: NOP
WB: NOP


cycle 101
PC: 0x00000194
IF: 0x00000000
ID: NOP
EX: NOP
DM: NOP
WB: NOP


cycle 102
PC: 0x00000198
IF: 0x00000000
ID: NOP
EX: NOP
DM: NOP
WB: NOP


cycle 103
PC: 0x0000019C
IF: 0x00000000
ID: NOP
EX: NOP
DM: NOP
WB: NOP


cycle 104
PC: 0x000001A0
IF: 0x00000000
ID: NOP
EX: NOP
DM: NOP
WB: NOP


cycle 105
PC: 0x000001A4
IF: 0x00000000
ID: NOP
EX: NOP
DM: NOP
WB: NOP


cycle 106
PC: 0x000001A8
IF: 0x00000000
ID: NOP
EX: NOP
DM: NOP
WB: NOP


cycle 107
PC: 0x000001AC
IF: 0x00000000
ID: NOP
EX: NOP
DM: NOP
WB: NOP


cycle 108
PC: 0x000001B0
IF: 0x00000000
ID: NOP
EX: NOP
DM: NOP
WB: NOP


cycle 109
PC: 0x000001B4
IF: 0x00000000
ID: NOP
EX: NOP
DM: NOP
WB: NOP


cycle 110
PC: 0x000001B8
IF: 0x00000000
ID: NOP
EX: NOP
DM: NOP
WB: NOP


cycle 111
PC: 0x000001BC
IF: 0x00000000
ID: NOP
EX: NOP
DM: NOP
WB: NOP


cycle 112
PC: 0x000001C0
IF: 0x00000000
ID: NOP
EX: NOP
DM: NOP
WB: NOP


cycle 113
PC: 0x000001C4
IF: 0x00000000
ID: NOP
EX: NOP
DM: NOP
WB: NOP


cycle 114
PC: 0x000001C8
IF: 0x00000000
ID: NOP
EX: NOP
DM: NOP
WB: NOP


cycle 115
PC: 0x000001CC
IF: 0x00000000
ID: NOP
EX: NOP
DM: NOP
WB: NOP


cycle 116
PC: 0x000001D0
IF: 0x00000000
ID: NOP
EX: NOP
DM: NOP
WB: NOP


cycle 117
PC: 0x000001D4
IF: 0x00000000
ID: NOP
EX: NOP
DM: NOP
WB: NOP


cycle 118
PC: 0x000001D8
IF: 0x00000000
ID: NOP
EX: NOP
DM: NOP
WB: NOP


cycle 119
PC: 0x000001DC
IF: 0x00000000
ID: NOP
EX: NOP
DM: NOP
WB: NOP


cycle 120
PC: 0x000001E0
IF: 0x00000000
ID: NOP
EX: NOP
DM: NOP
WB: NOP


cycle 121
PC: 0x000001E4
IF: 0x00000000
ID: NOP
EX: NOP
DM: NOP
WB: NOP


cycle 122
PC: 0x000001E8
IF: 0x00000000
ID: NOP
EX: NOP
DM: NOP
WB: NOP


cycle 123
PC: 0x000001EC
IF: 0x00000000
ID: NOP
EX: NOP
DM: NOP
WB: NOP


cycle 124
PC: 0x000001F0
IF: 0x00000000
ID: NOP
EX: NOP
DM: NOP
WB: NOP


cycle 125
PC: 0x000001F4
IF: 0x00000000
ID: NOP
EX: NOP
DM: NOP
WB: NOP


cycle 126
PC: 0x000001F8
IF: 0x00000000
ID: NOP
EX: NOP
DM: NOP
WB: NOP


cycle 127
PC: 0x000001FC
IF: 0x00000000
ID: NOP
EX: NOP
DM: NOP
WB: NOP


cycle 128
PC: 0x00000200
IF: 0x00000000
ID: NOP
EX: NOP
DM: NOP
WB: NOP


cycle 129
PC: 0x00000204
IF: 0x00000000
ID: NOP
EX: NOP
DM: NOP
WB: NOP


cycle 130
PC: 0x00000208
IF: 0x00000000
ID: NOP
EX: NOP
DM: NOP
WB: NOP


cycle 131
PC: 0x0000020C
IF: 0x00000000
ID: NOP
EX: NOP
DM: NOP
WB: NOP


cycle 132
PC: 0x00000210
IF: 0x00000000
ID: NOP
EX: NOP
DM: NOP
WB: NOP


cycle 133
PC: 0x00000214
IF: 0x00000000
ID: NOP
EX: NOP
DM: NOP
WB: NOP


cycle 134
PC: 0x00000218
IF: 0x00000000
ID: NOP
EX: NOP
DM: NOP
WB: NOP


cycle 135
PC: 0x0000021C
IF: 0x00000000
ID: NOP
EX: NOP
DM: NOP
WB: NOP


cycle 136
PC: 0x00000220
IF: 0x00000000
ID: NOP
EX: NOP
DM: NOP
WB: NOP


cycle 137
PC: 0x00000224
IF: 0x00000000
ID: NOP
EX: NOP
DM: NOP
WB: NOP


cycle 138
PC: 0x00000228
IF: 0x00000000
ID: NOP
EX: NOP
DM: NOP
WB: NOP


cycle 139
PC: 0x0000022C
IF: 0x00000000
ID: NOP
EX: NOP
DM: NOP
WB: NOP


cycle 140
PC: 0x00000230
IF: 0x00000000
ID: NOP
EX: NOP
DM: NOP
WB: NOP


cycle 141
PC: 0x00000234
IF: 0x00000000
ID: NOP
EX: NOP
DM: NOP
WB: NOP


cycle 142
PC: 0x00000238
IF: 0x00000000
ID: NOP
EX: NOP
DM: NOP
WB: NOP


cycle 143
PC: 0x0000023C
IF: 0x00000000
ID: NOP
EX: NOP
DM: NOP
WB: NOP


cycle 144
PC: 0x00000240
IF: 0x00000000
ID: NOP
EX: NOP
DM: NOP
WB: NOP


cycle 145
PC: 0x00000244
IF: 0x00000000
ID: NOP
EX: NOP
DM: NOP
WB: NOP


cycle 146
PC: 0x00000248
IF: 0x00000000
ID: NOP
EX: NOP
DM: NOP
WB: NOP


cycle 147
PC: 0x0000024C
IF: 0x00000000
ID: NOP
EX: NOP
DM: NOP
WB: NOP


cycle 148
PC: 0x00000250
IF: 0x00000000
ID: NOP
EX: NOP
DM: NOP
WB: NOP


cycle 149
PC: 0x00000254
IF: 0x00000000
ID: NOP
EX: NOP
DM: NOP
WB: NOP


cycle 150
PC: 0x00000258
IF: 0x00000000
ID: NOP
EX: NOP
DM: NOP
WB: NOP


cycle 151
PC: 0x0000025C
IF: 0x00000000
ID: NOP
EX: NOP
DM: NOP
WB: NOP


cycle 152
PC: 0x00000260
IF: 0x00000000
ID: NOP
EX: NOP
DM: NOP
WB: NOP


cycle 153
PC: 0x00000264
IF: 0x00000000
ID: NOP
EX: NOP
DM: NOP
WB: NOP


cycle 154
PC: 0x00000268
IF: 0x00000000
ID: NOP
EX: NOP
DM: NOP
WB: NOP


cycle 155
PC: 0x0000026C
IF: 0x00000000
ID: NOP
EX: NOP
DM: NOP
WB: NOP


cycle 156
PC: 0x00000270
IF: 0x00000000
ID: NOP
EX: NOP
DM: NOP
WB: NOP


cycle 157
PC: 0x00000274
IF: 0x00000000
ID: NOP
EX: NOP
DM: NOP
WB: NOP


cycle 158
PC: 0x00000278
IF: 0x00000000
ID: NOP
EX: NOP
DM: NOP
WB: NOP


cycle 159
PC: 0x0000027C
IF: 0x00000000
ID: NOP
EX: NOP
DM: NOP
WB: NOP


cycle 160
PC: 0x00000280
IF: 0x00000000
ID: NOP
EX: NOP
DM: NOP
WB: NOP


cycle 161
PC: 0x00000284
IF: 0x00000000
ID: NOP
EX: NOP
DM: NOP
WB: NOP


cycle 162
PC: 0x00000288
IF: 0x00000000
ID: NOP
EX: NOP
DM: NOP
WB: NOP


cycle 163
PC: 0x0000028C
IF: 0x00000000
ID: NOP
EX: NOP
DM: NOP
WB: NOP


cycle 164
PC: 0x00000290
IF: 0x00000000
ID: NOP
EX: NOP
DM: NOP
WB: NOP


cycle 165
PC: 0x00000294
IF: 0x00000000
ID: NOP
EX: NOP
DM: NOP
WB: NOP


cycle 166
PC: 0x00000298
IF: 0x00000000
ID: NOP
EX: NOP
DM: NOP
WB: NOP


cycle 167
PC: 0x0000029C
IF: 0x00000000
ID: NOP
EX: NOP
DM: NOP
WB: NOP


cycle 168
PC: 0x000002A0
IF: 0x00000000
ID: NOP
EX: NOP
DM: NOP
WB: NOP


cycle 169
PC: 0x000002A4
IF: 0x00000000
ID: NOP
EX: NOP
DM: NOP
WB: NOP


cycle 170
PC: 0x000002A8
IF: 0x00000000
ID: NOP
EX: NOP
DM: NOP
WB: NOP


cycle 171
PC: 0x000002AC
IF: 0x00000000
ID: NOP
EX: NOP
DM: NOP
WB: NOP


cycle 172
PC: 0x000002B0
IF: 0x00000000
ID: NOP
EX: NOP
DM: NOP
WB: NOP


cycle 173
PC: 0x000002B4
IF: 0x00000000
ID: NOP
EX: NOP
DM: NOP
WB: NOP


cycle 174
PC: 0x000002B8
IF: 0x00000000
ID: NOP
EX: NOP
DM: NOP
WB: NOP


cycle 175
PC: 0x000002BC
IF: 0x00000000
ID: NOP
EX: NOP
DM: NOP
WB: NOP


cycle 176
PC: 0x000002C0
IF: 0x00000000
ID: NOP
EX: NOP
DM: NOP
WB: NOP


cycle 177
PC: 0x000002C4
IF: 0x00000000
ID: NOP
EX: NOP
DM: NOP
WB: NOP


cycle 178
PC: 0x000002C8
IF: 0x00000000
ID: NOP
EX: NOP
DM: NOP
WB: NOP


cycle 179
PC: 0x000002CC
IF: 0x00000000
ID: NOP
EX: NOP
DM: NOP
WB: NOP


cycle 180
PC: 0x000002D0
IF: 0x00000000
ID: NOP
EX: NOP
DM: NOP
WB: NOP


cycle 181
PC: 0x000002D4
IF: 0x00000000
ID: NOP
EX: NOP
DM: NOP
WB: NOP


cycle 182
PC: 0x000002D8
IF: 0x00000000
ID: NOP
EX: NOP
DM: NOP
WB: NOP


cycle 183
PC: 0x000002DC
IF: 0x00000000
ID: NOP
EX: NOP
DM: NOP
WB: NOP


cycle 184
PC: 0x000002E0
IF: 0x00000000
ID: NOP
EX: NOP
DM: NOP
WB: NOP


cycle 185
PC: 0x000002E4
IF: 0x00000000
ID: NOP
EX: NOP
DM: NOP
WB: NOP


cycle 186
PC: 0x000002E8
IF: 0x00000000
ID: NOP
EX: NOP
DM: NOP
WB: NOP


cycle 187
PC: 0x000002EC
IF: 0x00000000
ID: NOP
EX: NOP
DM: NOP
WB: NOP


cycle 188
PC: 0x000002F0
IF: 0x00000000
ID: NOP
EX: NOP
DM: NOP
WB: NOP


cycle 189
PC: 0x000002F4
IF: 0x00000000
ID: NOP
EX: NOP
DM: NOP
WB: NOP


cycle 190
PC: 0x000002F8
IF: 0x00000000
ID: NOP
EX: NOP
DM: NOP
WB: NOP


cycle 191
PC: 0x000002FC
IF: 0x00000000
ID: NOP
EX: NOP
DM: NOP
WB: NOP


cycle 192
PC: 0x00000300
IF: 0x00000000
ID: NOP
EX: NOP
DM: NOP
WB: NOP


cycle 193
PC: 0x00000304
IF: 0x00000000
ID: NOP
EX: NOP
DM: NOP
WB: NOP


cycle 194
PC: 0x00000308
IF: 0x00000000
ID: NOP
EX: NOP
DM: NOP
WB: NOP


cycle 195
PC: 0x0000030C
IF: 0x00000000
ID: NOP
EX: NOP
DM: NOP
WB: NOP


cycle 196
PC: 0x00000310
IF: 0x00000000
ID: NOP
EX: NOP
DM: NOP
WB: NOP


cycle 197
PC: 0x00000314
IF: 0x00000000
ID: NOP
EX: NOP
DM: NOP
WB: NOP


cycle 198
PC: 0x00000318
IF: 0x00000000
ID: NOP
EX: NOP
DM: NOP
WB: NOP


cycle 199
PC: 0x0000031C
IF: 0x00000000
ID: NOP
EX: NOP
DM: NOP
WB: NOP


cycle 200
PC: 0x00000320
IF: 0x00000000
ID: NOP
EX: NOP
DM: NOP
WB: NOP


cycle 201
PC: 0x00000324
IF: 0x00000000
ID: NOP
EX: NOP
DM: NOP
WB: NOP


cycle 202
PC: 0x00000328
IF: 0x00000000
ID: NOP
EX: NOP
DM: NOP
WB: NOP


cycle 203
PC: 0x0000032C
IF: 0x00000000
ID: NOP
EX: NOP
DM: NOP
WB: NOP


cycle 204
PC: 0x00000330
IF: 0x00000000
ID: NOP
EX: NOP
DM: NOP
WB: NOP


cycle 205
PC: 0x00000334
IF: 0x00000000
ID: NOP
EX: NOP
DM: NOP
WB: NOP


cycle 206
PC: 0x00000338
IF: 0x00000000
ID: NOP
EX: NOP
DM: NOP
WB: NOP


cycle 207
PC: 0x0000033C
IF: 0x00000000
ID: NOP
EX: NOP
DM: NOP
WB: NOP


cycle 208
PC: 0x00000340
IF: 0x00000000
ID: NOP
EX: NOP
DM: NOP
WB: NOP


cycle 209
PC: 0x00000344
IF: 0x00000000
ID: NOP
EX: NOP
DM: NOP
WB: NOP


cycle 210
PC: 0x00000348
IF: 0x00000000
ID: NOP
EX: NOP
DM: NOP
WB: NOP


cycle 211
PC: 0x0000034C
IF: 0x00000000
ID: NOP
EX: NOP
DM: NOP
WB: NOP


cycle 212
PC: 0x00000350
IF: 0x00000000
ID: NOP
EX: NOP
DM: NOP
WB: NOP


cycle 213
PC: 0x00000354
IF: 0x00000000
ID: NOP
EX: NOP
DM: NOP
WB: NOP


cycle 214
PC: 0x00000358
IF: 0x00000000
ID: NOP
EX: NOP
DM: NOP
WB: NOP


cycle 215
PC: 0x0000035C
IF: 0x00000000
ID: NOP
EX: NOP
DM: NOP
WB: NOP


cycle 216
PC: 0x00000360
IF: 0x00000000
ID: NOP
EX: NOP
DM: NOP
WB: NOP


cycle 217
PC: 0x00000364
IF: 0x00000000
ID: NOP
EX: NOP
DM: NOP
WB: NOP


cycle 218
PC: 0x00000368
IF: 0x00000000
ID: NOP
EX: NOP
DM: NOP
WB: NOP


cycle 219
PC: 0x0000036C
IF: 0x00000000
ID: NOP
EX: NOP
DM: NOP
WB: NOP


cycle 220
PC: 0x00000370
IF: 0x00000000
ID: NOP
EX: NOP
DM: NOP
WB: NOP


cycle 221
PC: 0x00000374
IF: 0x00000000
ID: NOP
EX: NOP
DM: NOP
WB: NOP


cycle 222
PC: 0x00000378
IF: 0x00000000
ID: NOP
EX: NOP
DM: NOP
WB: NOP


cycle 223
PC: 0x0000037C
IF: 0x00000000
ID: NOP
EX: NOP
DM: NOP
WB: NOP


cycle 224
PC: 0x00000380
IF: 0x00000000
ID: NOP
EX: NOP
DM: NOP
WB: NOP


cycle 225
PC: 0x00000384
IF: 0x00000000
ID: NOP
EX: NOP
DM: NOP
WB: NOP


cycle 226
PC: 0x00000388
IF: 0x00000000
ID: NOP
EX: NOP
DM: NOP
WB: NOP


cycle 227
PC: 0x0000038C
IF: 0x00000000
ID: NOP
EX: NOP
DM: NOP
WB: NOP


cycle 228
PC: 0x00000390
IF: 0x00000000
ID: NOP
EX: NOP
DM: NOP
WB: NOP


cycle 229
PC: 0x00000394
IF: 0x00000000
ID: NOP
EX: NOP
DM: NOP
WB: NOP


cycle 230
PC: 0x00000398
IF: 0x00000000
ID: NOP
EX: NOP
DM: NOP
WB: NOP


cycle 231
PC: 0x0000039C
IF: 0x00000000
ID: NOP
EX: NOP
DM: NOP
WB: NOP


cycle 232
PC: 0x000003A0
IF: 0x00000000
ID: NOP
EX: NOP
DM: NOP
WB: NOP


cycle 233
PC: 0x000003A4
IF: 0x00000000
ID: NOP
EX: NOP
DM: NOP
WB: NOP


cycle 234
PC: 0x000003A8
IF: 0x00000000
ID: NOP
EX: NOP
DM: NOP
WB: NOP


cycle 235
PC: 0x000003AC
IF: 0x00000000
ID: NOP
EX: NOP
DM: NOP
WB: NOP


cycle 236
PC: 0x000003B0
IF: 0x00000000
ID: NOP
EX: NOP
DM: NOP
WB: NOP


cycle 237
PC: 0x000003B4
IF: 0x00000000
ID: NOP
EX: NOP
DM: NOP
WB: NOP


cycle 238
PC: 0x000003B8
IF: 0x00000000
ID: NOP
EX: NOP
DM: NOP
WB: NOP


cycle 239
PC: 0x000003BC
IF: 0x00000000
ID: NOP
EX: NOP
DM: NOP
WB: NOP


cycle 240
PC: 0x000003C0
IF: 0x00000000
ID: NOP
EX: NOP
DM: NOP
WB: NOP


cycle 241
PC: 0x000003C4
IF: 0x00000000
ID: NOP
EX: NOP
DM: NOP
WB: NOP


cycle 242
PC: 0x000003C8
IF: 0x00000000
ID: NOP
EX: NOP
DM: NOP
WB: NOP


cycle 243
PC: 0x000003CC
IF: 0x00000000
ID: NOP
EX: NOP
DM: NOP
WB: NOP


cycle 244
PC: 0x000003D0
IF: 0x00000000
ID: NOP
EX: NOP
DM: NOP
WB: NOP


cycle 245
PC: 0x000003D4
IF: 0x00000000
ID: NOP
EX: NOP
DM: NOP
WB: NOP


cycle 246
PC: 0x000003D8
IF: 0x00000000
ID: NOP
EX: NOP
DM: NOP
WB: NOP


cycle 247
PC: 0x000003DC
IF: 0x00000000
ID: NOP
EX: NOP
DM: NOP
WB: NOP


cycle 248
PC: 0x000003E0
IF: 0x00000000
ID: NOP
EX: NOP
DM: NOP
WB: NOP


cycle 249
PC: 0x000003E4
IF: 0x00000000
ID: NOP
EX: NOP
DM: NOP
WB: NOP


cycle 250
PC: 0x000003E8
IF: 0x00000000
ID: NOP
EX: NOP
DM: NOP
WB: NOP


cycle 251
PC: 0x000003EC
IF: 0x00000000
ID: NOP
EX: NOP
DM: NOP
WB: NOP


cycle 252
PC: 0x000003F0
IF: 0x00000000
ID: NOP
EX: NOP
DM: NOP
WB: NOP


cycle 253
PC: 0x000003F4
IF: 0x00000000
ID: NOP
EX: NOP
DM: NOP
WB: NOP


cycle 254
PC: 0x000003F8
IF: 0x00000000
ID: NOP
EX: NOP
DM: NOP
WB: NOP


cycle 255
PC: 0x000003FC
IF: 0x00000000
ID: NOP
EX: NOP
DM: NOP
WB: NOP


cycle 256
PC: 0x00000400
IF: 0x00000000
ID: NOP
EX: NOP
DM: NOP
WB: NOP


cycle 257
PC: 0x00000404
IF: 0x00000000
ID: NOP
EX: NOP
DM: NOP
WB: NOP


cycle 258
PC: 0x00000408
IF: 0x00000000
ID: NOP
EX: NOP
DM: NOP
WB: NOP


cycle 259
PC: 0x0000040C
IF: 0x00000000
ID: NOP
EX: NOP
DM: NOP
WB: NOP


cycle 260
PC: 0x00000410
IF: 0x00000000
ID: NOP
EX: NOP
DM: NOP
WB: NOP


cycle 261
PC: 0x00000414
IF: 0x00000000
ID: NOP
EX: NOP
DM: NOP
WB: NOP


cycle 262
PC: 0x00000418
IF: 0x00000000
ID: NOP
EX: NOP
DM: NOP
WB: NOP


cycle 263
PC: 0x0000041C
IF: 0x00000000
ID: NOP
EX: NOP
DM: NOP
WB: NOP


cycle 264
PC: 0x00000420
IF: 0x00000000
ID: NOP
EX: NOP
DM: NOP
WB: NOP


cycle 265
PC: 0x00000424
IF: 0x00000000
ID: NOP
EX: NOP
DM: NOP
WB: NOP


cycle 266
PC: 0x00000428
IF: 0x00000000
ID: NOP
EX: NOP
DM: NOP
WB: NOP


cycle 267
PC: 0x0000042C
IF: 0x00000000
ID: NOP
EX: NOP
DM: NOP
WB: NOP


cycle 268
PC: 0x00000430
IF: 0x00000000
ID: NOP
EX: NOP
DM: NOP
WB: NOP


cycle 269
PC: 0x00000434
IF: 0x00000000
ID: NOP
EX: NOP
DM: NOP
WB: NOP


cycle 270
PC: 0x00000438
IF: 0x00000000
ID: NOP
EX: NOP
DM: NOP
WB: NOP


cycle 271
PC: 0x0000043C
IF: 0x00000000
ID: NOP
EX: NOP
DM: NOP
WB: NOP


cycle 272
PC: 0x00000440
IF: 0x00000000
ID: NOP
EX: NOP
DM: NOP
WB: NOP


cycle 273
PC: 0x00000444
IF: 0x00000000
ID: NOP
EX: NOP
DM: NOP
WB: NOP


cycle 274
PC: 0x00000448
IF: 0x00000000
ID: NOP
EX: NOP
DM: NOP
WB: NOP


cycle 275
PC: 0x0000044C
IF: 0x00000000
ID: NOP
EX: NOP
DM: NOP
WB: NOP


cycle 276
PC: 0x00000450
IF: 0x00000000
ID: NOP
EX: NOP
DM: NOP
WB: NOP


cycle 277
PC: 0x00000454
IF: 0x00000000
ID: NOP
EX: NOP
DM: NOP
WB: NOP


cycle 278
PC: 0x00000458
IF: 0x00000000
ID: NOP
EX: NOP
DM: NOP
WB: NOP


cycle 279
PC: 0x0000045C
IF: 0x00000000
ID: NOP
EX: NOP
DM: NOP
WB: NOP


cycle 280
PC: 0x00000460
IF: 0x00000000
ID: NOP
EX: NOP
DM: NOP
WB: NOP


cycle 281
PC: 0x00000464
IF: 0x00000000
ID: NOP
EX: NOP
DM: NOP
WB: NOP


cycle 282
PC: 0x00000468
IF: 0x00000000
ID: NOP
EX: NOP
DM: NOP
WB: NOP


cycle 283
PC: 0x0000046C
IF: 0x00000000
ID: NOP
EX: NOP
DM: NOP
WB: NOP


cycle 284
PC: 0x00000470
IF: 0x00000000
ID: NOP
EX: NOP
DM: NOP
WB: NOP


cycle 285
PC: 0x00000474
IF: 0x00000000
ID: NOP
EX: NOP
DM: NOP
WB: NOP


cycle 286
PC: 0x00000478
IF: 0x00000000
ID: NOP
EX: NOP
DM: NOP
WB: NOP


cycle 287
PC: 0x0000047C
IF: 0x00000000
ID: NOP
EX: NOP
DM: NOP
WB: NOP


cycle 288
PC: 0x00000480
IF: 0x00000000
ID: NOP
EX: NOP
DM: NOP
WB: NOP


cycle 289
PC: 0x00000484
IF: 0x00000000
ID: NOP
EX: NOP
DM: NOP
WB: NOP


cycle 290
PC: 0x00000488
IF: 0x00000000
ID: NOP
EX: NOP
DM: NOP
WB: NOP


cycle 291
PC: 0x0000048C
IF: 0x00000000
ID: NOP
EX: NOP
DM: NOP
WB: NOP


cycle 292
PC: 0x00000490
IF: 0x00000000
ID: NOP
EX: NOP
DM: NOP
WB: NOP


cycle 293
PC: 0x00000494
IF: 0x00000000
ID: NOP
EX: NOP
DM: NOP
WB: NOP


cycle 294
PC: 0x00000498
IF: 0x00000000
ID: NOP
EX: NOP
DM: NOP
WB: NOP


cycle 295
PC: 0x0000049C
IF: 0x00000000
ID: NOP
EX: NOP
DM: NOP
WB: NOP


cycle 296
PC: 0x000004A0
IF: 0x00000000
ID: NOP
EX: NOP
DM: NOP
WB: NOP


cycle 297
PC: 0x000004A4
IF: 0x00000000
ID: NOP
EX: NOP
DM: NOP
WB: NOP


cycle 298
PC: 0x000004A8
IF: 0x00000000
ID: NOP
EX: NOP
DM: NOP
WB: NOP


cycle 299
PC: 0x000004AC
IF: 0x00000000
ID: NOP
EX: NOP
DM: NOP
WB: NOP


cycle 300
PC: 0x000004B0
IF: 0x00000000
ID: NOP
EX: NOP
DM: NOP
WB: NOP


cycle 301
PC: 0x000004B4
IF: 0x00000000
ID: NOP
EX: NOP
DM: NOP
WB: NOP


cycle 302
PC: 0x000004B8
IF: 0x00000000
ID: NOP
EX: NOP
DM: NOP
WB: NOP


cycle 303
PC: 0x000004BC
IF: 0x00000000
ID: NOP
EX: NOP
DM: NOP
WB: NOP


cycle 304
PC: 0x000004C0
IF: 0x00000000
ID: NOP
EX: NOP
DM: NOP
WB: NOP


cycle 305
PC: 0x000004C4
IF: 0x00000000
ID: NOP
EX: NOP
DM: NOP
WB: NOP


cycle 306
PC: 0x000004C8
IF: 0x00000000
ID: NOP
EX: NOP
DM: NOP
WB: NOP


cycle 307
PC: 0x000004CC
IF: 0x00000000
ID: NOP
EX: NOP
DM: NOP
WB: NOP


cycle 308
PC: 0x000004D0
IF: 0x00000000
ID: NOP
EX: NOP
DM: NOP
WB: NOP


cycle 309
PC: 0x000004D4
IF: 0x00000000
ID: NOP
EX: NOP
DM: NOP
WB: NOP


cycle 310
PC: 0x000004D8
IF: 0x00000000
ID: NOP
EX: NOP
DM: NOP
WB: NOP


cycle 311
PC: 0x000004DC
IF: 0x00000000
ID: NOP
EX: NOP
DM: NOP
WB: NOP


cycle 312
PC: 0x000004E0
IF: 0x00000000
ID: NOP
EX: NOP
DM: NOP
WB: NOP


cycle 313
PC: 0x000004E4
IF: 0x00000000
ID: NOP
EX: NOP
DM: NOP
WB: NOP


cycle 314
PC: 0x000004E8
IF: 0x00000000
ID: NOP
EX: NOP
DM: NOP
WB: NOP


cycle 315
PC: 0x000004EC
IF: 0x00000000
ID: NOP
EX: NOP
DM: NOP
WB: NOP


cycle 316
PC: 0x000004F0
IF: 0x00000000
ID: NOP
EX: NOP
DM: NOP
WB: NOP


cycle 317
PC: 0x000004F4
IF: 0x00000000
ID: NOP
EX: NOP
DM: NOP
WB: NOP


cycle 318
PC: 0x000004F8
IF: 0x00000000
ID: NOP
EX: NOP
DM: NOP
WB: NOP


cycle 319
PC: 0x000004FC
IF: 0x00000000
ID: NOP
EX: NOP
DM: NOP
WB: NOP


cycle 320
PC: 0x00000500
IF: 0x00000000
ID: NOP
EX: NOP
DM: NOP
WB: NOP


cycle 321
PC: 0x00000504
IF: 0x00000000
ID: NOP
EX: NOP
DM: NOP
WB: NOP


cycle 322
PC: 0x00000508
IF: 0x00000000
ID: NOP
EX: NOP
DM: NOP
WB: NOP


cycle 323
PC: 0x0000050C
IF: 0x00000000
ID: NOP
EX: NOP
DM: NOP
WB: NOP


cycle 324
PC: 0x00000510
IF: 0x00000000
ID: NOP
EX: NOP
DM: NOP
WB: NOP


cycle 325
PC: 0x00000514
IF: 0x00000000
ID: NOP
EX: NOP
DM: NOP
WB: NOP


cycle 326
PC: 0x00000518
IF: 0x00000000
ID: NOP
EX: NOP
DM: NOP
WB: NOP


cycle 327
PC: 0x0000051C
IF: 0x00000000
ID: NOP
EX: NOP
DM: NOP
WB: NOP


cycle 328
PC: 0x00000520
IF: 0x00000000
ID: NOP
EX: NOP
DM: NOP
WB: NOP


cycle 329
PC: 0x00000524
IF: 0x00000000
ID: NOP
EX: NOP
DM: NOP
WB: NOP


cycle 330
PC: 0x00000528
IF: 0x00000000
ID: NOP
EX: NOP
DM: NOP
WB: NOP


cycle 331
PC: 0x0000052C
IF: 0x00000000
ID: NOP
EX: NOP
DM: NOP
WB: NOP


cycle 332
PC: 0x00000530
IF: 0x00000000
ID: NOP
EX: NOP
DM: NOP
WB: NOP


cycle 333
PC: 0x00000534
IF: 0x00000000
ID: NOP
EX: NOP
DM: NOP
WB: NOP


cycle 334
PC: 0x00000538
IF: 0x00000000
ID: NOP
EX: NOP
DM: NOP
WB: NOP


cycle 335
PC: 0x0000053C
IF: 0x00000000
ID: NOP
EX: NOP
DM: NOP
WB: NOP


cycle 336
PC: 0x00000540
IF: 0x00000000
ID: NOP
EX: NOP
DM: NOP
WB: NOP


cycle 337
PC: 0x00000544
IF: 0x00000000
ID: NOP
EX: NOP
DM: NOP
WB: NOP


cycle 338
PC: 0x00000548
IF: 0x00000000
ID: NOP
EX: NOP
DM: NOP
WB: NOP


cycle 339
PC: 0x0000054C
IF: 0x00000000
ID: NOP
EX: NOP
DM: NOP
WB: NOP


cycle 340
PC: 0x00000550
IF: 0x00000000
ID: NOP
EX: NOP
DM: NOP
WB: NOP


cycle 341
PC: 0x00000554
IF: 0x00000000
ID: NOP
EX: NOP
DM: NOP
WB: NOP


cycle 342
PC: 0x00000558
IF: 0x00000000
ID: NOP
EX: NOP
DM: NOP
WB: NOP


cycle 343
PC: 0x0000055C
IF: 0x00000000
ID: NOP
EX: NOP
DM: NOP
WB: NOP


cycle 344
PC: 0x00000560
IF: 0x00000000
ID: NOP
EX: NOP
DM: NOP
WB: NOP


cycle 345
PC: 0x00000564
IF: 0x00000000
ID: NOP
EX: NOP
DM: NOP
WB: NOP


cycle 346
PC: 0x00000568
IF: 0x00000000
ID: NOP
EX: NOP
DM: NOP
WB: NOP


cycle 347
PC: 0x0000056C
IF: 0x00000000
ID: NOP
EX: NOP
DM: NOP
WB: NOP


cycle 348
PC: 0x00000570
IF: 0x00000000
ID: NOP
EX: NOP
DM: NOP
WB: NOP


cycle 349
PC: 0x00000574
IF: 0x00000000
ID: NOP
EX: NOP
DM: NOP
WB: NOP


cycle 350
PC: 0x00000578
IF: 0x00000000
ID: NOP
EX: NOP
DM: NOP
WB: NOP


cycle 351
PC: 0x0000057C
IF: 0x00000000
ID: NOP
EX: NOP
DM: NOP
WB: NOP


cycle 352
PC: 0x00000580
IF: 0x00000000
ID: NOP
EX: NOP
DM: NOP
WB: NOP


cycle 353
PC: 0x00000584
IF: 0x00000000
ID: NOP
EX: NOP
DM: NOP
WB: NOP


cycle 354
PC: 0x00000588
IF: 0x00000000
ID: NOP
EX: NOP
DM: NOP
WB: NOP


cycle 355
PC: 0x0000058C
IF: 0x00000000
ID: NOP
EX: NOP
DM: NOP
WB: NOP


cycle 356
PC: 0x00000590
IF: 0x00000000
ID: NOP
EX: NOP
DM: NOP
WB: NOP


cycle 357
PC: 0x00000594
IF: 0x00000000
ID: NOP
EX: NOP
DM: NOP
WB: NOP


cycle 358
PC: 0x00000598
IF: 0x00000000
ID: NOP
EX: NOP
DM: NOP
WB: NOP


cycle 359
PC: 0x0000059C
IF: 0x00000000
ID: NOP
EX: NOP
DM: NOP
WB: NOP


cycle 360
PC: 0x000005A0
IF: 0x00000000
ID: NOP
EX: NOP
DM: NOP
WB: NOP


cycle 361
PC: 0x000005A4
IF: 0x00000000
ID: NOP
EX: NOP
DM: NOP
WB: NOP


cycle 362
PC: 0x000005A8
IF: 0x00000000
ID: NOP
EX: NOP
DM: NOP
WB: NOP


cycle 363
PC: 0x000005AC
IF: 0x00000000
ID: NOP
EX: NOP
DM: NOP
WB: NOP


cycle 364
PC: 0x000005B0
IF: 0x00000000
ID: NOP
EX: NOP
DM: NOP
WB: NOP


cycle 365
PC: 0x000005B4
IF: 0x00000000
ID: NOP
EX: NOP
DM: NOP
WB: NOP


cycle 366
PC: 0x000005B8
IF: 0x00000000
ID: NOP
EX: NOP
DM: NOP
WB: NOP


cycle 367
PC: 0x000005BC
IF: 0x00000000
ID: NOP
EX: NOP
DM: NOP
WB: NOP


cycle 368
PC: 0x000005C0
IF: 0x00000000
ID: NOP
EX: NOP
DM: NOP
WB: NOP


cycle 369
PC: 0x000005C4
IF: 0x00000000
ID: NOP
EX: NOP
DM: NOP
WB: NOP


cycle 370
PC: 0x000005C8
IF: 0x00000000
ID: NOP
EX: NOP
DM: NOP
WB: NOP


cycle 371
PC: 0x000005CC
IF: 0x00000000
ID: NOP
EX: NOP
DM: NOP
WB: NOP


cycle 372
PC: 0x000005D0
IF: 0x00000000
ID: NOP
EX: NOP
DM: NOP
WB: NOP


cycle 373
PC: 0x000005D4
IF: 0x000000FF
ID: NOP
EX: NOP
DM: NOP
WB: NOP


